<?xml version="1.0" encoding="UTF-8"?>
<testng-results ignored="0" total="1" passed="1" failed="0" skipped="0">
  <reporter-output>
    <line>
      <![CDATA[Stock-000000277 Stock-000000277]]>
    </line>
    <line>
      <![CDATA[Supplier-00000001124 Supplier-00000001124]]>
    </line>
    <line>
      <![CDATA[Customer-00000001111 Customer-00000001111]]>
    </line>
    <line>
      <![CDATA[Purchase-00000000038 Purchase-00000000038]]>
    </line>
  </reporter-output>
  <suite started-at="2024-01-29T17:58:06 GMT" name="Surefire suite" finished-at="2024-01-29T18:00:17 GMT" duration-ms="131304">
    <groups>
    </groups>
    <test started-at="2024-01-29T17:58:06 GMT" name="Surefire test" finished-at="2024-01-29T18:00:17 GMT" duration-ms="131304">
      <class name="driverFactory.AppTest">
        <test-method signature="KickStart()[pri:0, instance:driverFactory.AppTest@240237d2]" started-at="2024-01-29T17:58:06 GMT" name="KickStart" finished-at="2024-01-29T18:00:17 GMT" duration-ms="131247" status="PASS">
          <reporter-output>
            <line>
              <![CDATA[Stock-000000277 Stock-000000277]]>
            </line>
            <line>
              <![CDATA[Supplier-00000001124 Supplier-00000001124]]>
            </line>
            <line>
              <![CDATA[Customer-00000001111 Customer-00000001111]]>
            </line>
            <line>
              <![CDATA[Purchase-00000000038 Purchase-00000000038]]>
            </line>
          </reporter-output>
        </test-method> <!-- KickStart -->
      </class> <!-- driverFactory.AppTest -->
    </test> <!-- Surefire test -->
  </suite> <!-- Surefire suite -->
</testng-results>
